<?xml version="1.0" encoding="UTF-8"?>
<!-- Generated by org.testng.reporters.JUnitReportReporter -->
<testsuite skipped="0" hostname="DESKTOP-R578PU2" name="OpenCartTestcases.RegisterPageTest" tests="2" failures="0" timestamp="09 May 2021 08:15:14 GMT" time="0.160" errors="0">
  <testcase name="RegiPagePDHeadingTest" time="0.126" classname="OpenCartTestcases.RegisterPageTest"/>
  <testcase name="RegiPagelabelTest" time="0.034" classname="OpenCartTestcases.RegisterPageTest"/>
</testsuite> <!-- OpenCartTestcases.RegisterPageTest -->
