<?xml version="1.0" encoding="UTF-8"?>
<!-- Generated by org.testng.reporters.JUnitReportReporter -->
<testsuite skipped="0" hostname="DESKTOP-R578PU2" name="OpenCartTestcases.VerifyRadioButtonRegiTest" tests="1" failures="0" timestamp="10 May 2021 18:15:46 GMT" time="6.701" errors="0">
  <testcase name="verifyRadioButtons" time="6.701" classname="OpenCartTestcases.VerifyRadioButtonRegiTest"/>
</testsuite> <!-- OpenCartTestcases.VerifyRadioButtonRegiTest -->
