<?xml version="1.0" encoding="UTF-8"?>
<!-- Generated by org.testng.reporters.JUnitReportReporter -->
<testsuite skipped="0" hostname="DESKTOP-R578PU2" name="OpenCartTestcases.VeryfiyTexBoxes" tests="1" failures="0" timestamp="11 May 2021 05:06:09 GMT" time="9.569" errors="0">
  <testcase name="verifyTextbox" time="9.569" classname="OpenCartTestcases.VeryfiyTexBoxes"/>
</testsuite> <!-- OpenCartTestcases.VeryfiyTexBoxes -->
