<?xml version="1.0" encoding="UTF-8"?>
<!-- Generated by org.testng.reporters.JUnitReportReporter -->
<testsuite skipped="1" hostname="DESKTOP-R578PU2" name="OpenCartTestcases.VerifySuccessfullRegiTest" tests="2" failures="0" timestamp="11 May 2021 07:19:21 GMT" time="9.522" errors="0">
  <testcase name="SuccessRegiPagelabelTest" time="9.522" classname="OpenCartTestcases.VerifySuccessfullRegiTest"/>
  <testcase name="EnterData" time="0.000" classname="OpenCartTestcases.VerifySuccessfullRegiTest">
    <skipped/>
  </testcase> <!-- EnterData -->
</testsuite> <!-- OpenCartTestcases.VerifySuccessfullRegiTest -->
