<?xml version="1.0" encoding="UTF-8"?>
<!-- Generated by org.testng.reporters.JUnitReportReporter -->
<testsuite skipped="0" hostname="DESKTOP-R578PU2" name="OpenCartUtil.tryel" tests="1" failures="0" timestamp="09 May 2021 05:21:30 GMT" time="8.105" errors="0">
  <testcase name="testAssertFunctions" time="8.105" classname="OpenCartUtil.tryel"/>
</testsuite> <!-- OpenCartUtil.tryel -->
