<?xml version="1.0" encoding="UTF-8"?>
<!-- Generated by org.testng.reporters.JUnitReportReporter -->
<testsuite skipped="0" hostname="DESKTOP-R578PU2" name="OpenCartTestcases.VerifySectionHeadingsTest" tests="4" failures="0" timestamp="10 May 2021 18:15:46 GMT" time="26.131" errors="0">
  <testcase name="RegiPageNLHeadingTest" time="6.994" classname="OpenCartTestcases.VerifySectionHeadingsTest"/>
  <testcase name="RegiPagePDHeadingTest" time="6.308" classname="OpenCartTestcases.VerifySectionHeadingsTest"/>
  <testcase name="RegiPagelabelTest" time="6.045" classname="OpenCartTestcases.VerifySectionHeadingsTest"/>
  <testcase name="RegiPagePWHeadingTest" time="6.784" classname="OpenCartTestcases.VerifySectionHeadingsTest"/>
</testsuite> <!-- OpenCartTestcases.VerifySectionHeadingsTest -->
